0 info it worked if it ends with ok
1 verbose cli [ '/usr/bin/nodejs', '/usr/bin/npm', 'run', 'grunt' ]
2 info using npm@3.5.2
3 info using node@v4.2.6
4 verbose run-script [ 'pregrunt', 'grunt', 'postgrunt' ]
5 info lifecycle myapp@1.0.0~pregrunt: myapp@1.0.0
6 silly lifecycle myapp@1.0.0~pregrunt: no script for pregrunt, continuing
7 info lifecycle myapp@1.0.0~grunt: myapp@1.0.0
8 verbose lifecycle myapp@1.0.0~grunt: unsafe-perm in lifecycle true
9 verbose lifecycle myapp@1.0.0~grunt: PATH: /usr/share/npm/bin/node-gyp-bin:/home/wojt/Downloads/myapp/node_modules/.bin:/home/wojt/bin:/home/wojt/.local/bin:/home/wojt/bin:/home/wojt/.local/bin:/usr/local/sbin:/usr/local/bin:/usr/sbin:/usr/bin:/sbin:/bin:/usr/games:/usr/local/games:/snap/bin:/home/wojt/Downloads/appengine-java-sdk-1.9.42/bin/:/home/wojt/Downloads/apache-maven-3.3.9/bin:/snap/bin:/home/wojt/Downloads/appengine-java-sdk-1.9.42/bin/:/home/wojt/Downloads/apache-maven-3.3.9/bin
10 verbose lifecycle myapp@1.0.0~grunt: CWD: /home/wojt/Downloads/myapp
11 silly lifecycle myapp@1.0.0~grunt: Args: [ '-c', 'grunt' ]
12 silly lifecycle myapp@1.0.0~grunt: Returned: code: 3  signal: null
13 info lifecycle myapp@1.0.0~grunt: Failed to exec grunt script
14 verbose stack Error: myapp@1.0.0 grunt: `grunt`
14 verbose stack Exit status 3
14 verbose stack     at EventEmitter.<anonymous> (/usr/share/npm/lib/utils/lifecycle.js:232:16)
14 verbose stack     at emitTwo (events.js:87:13)
14 verbose stack     at EventEmitter.emit (events.js:172:7)
14 verbose stack     at ChildProcess.<anonymous> (/usr/share/npm/lib/utils/spawn.js:24:14)
14 verbose stack     at emitTwo (events.js:87:13)
14 verbose stack     at ChildProcess.emit (events.js:172:7)
14 verbose stack     at maybeClose (internal/child_process.js:821:16)
14 verbose stack     at Process.ChildProcess._handle.onexit (internal/child_process.js:211:5)
15 verbose pkgid myapp@1.0.0
16 verbose cwd /home/wojt/Downloads/myapp
17 error Linux 4.4.0-45-generic
18 error argv "/usr/bin/nodejs" "/usr/bin/npm" "run" "grunt"
19 error node v4.2.6
20 error npm  v3.5.2
21 error code ELIFECYCLE
22 error myapp@1.0.0 grunt: `grunt`
22 error Exit status 3
23 error Failed at the myapp@1.0.0 grunt script 'grunt'.
23 error Make sure you have the latest version of node.js and npm installed.
23 error If you do, this is most likely a problem with the myapp package,
23 error not with npm itself.
23 error Tell the author that this fails on your system:
23 error     grunt
23 error You can get information on how to open an issue for this project with:
23 error     npm bugs myapp
23 error Or if that isn't available, you can get their info via:
23 error     npm owner ls myapp
23 error There is likely additional logging output above.
24 verbose exit [ 1, true ]
